QApplication: invalid style override passed, ignoring it.
Using the default Lua library.
Loaded the video compression library.
Add-on script 'vrepAddOnScript-addOnScriptDemo.lua' was loaded.
Simulator launched.
Plugin 'MeshCalc': loading...
Plugin 'MeshCalc': load succeeded.
Plugin 'BlueZero': loading...
Plugin 'BlueZero': warning: replaced variable 'simB0'
Plugin 'BlueZero': load succeeded.
Plugin 'BubbleRob': loading...
Plugin 'BubbleRob': load succeeded.
Plugin 'Bwf': loading...
Plugin 'Bwf': load succeeded.
Plugin 'Collada': loading...
Plugin 'Collada': load succeeded.
Plugin 'ConvexDecompose': loading...
Plugin 'ConvexDecompose': load succeeded.
Plugin 'CustomUI': loading...
Plugin 'CustomUI': warning: replaced variable 'simUI'
Plugin 'CustomUI': load succeeded.
Plugin 'DynamicsBullet-2-78': loading...
Plugin 'DynamicsBullet-2-78': load succeeded.
Plugin 'DynamicsBullet-2-83': loading...
Plugin 'DynamicsBullet-2-83': load succeeded.
Plugin 'DynamicsNewton': loading...
Plugin 'DynamicsNewton': load succeeded.
Plugin 'DynamicsOde': loading...
Plugin 'DynamicsOde': load succeeded.
Plugin 'DynamicsVortex': loading...
Plugin 'DynamicsVortex': load succeeded.
Plugin 'ExternalRenderer': loading...
Plugin 'ExternalRenderer': load succeeded.
Plugin 'ICP': loading...
Plugin 'ICP': warning: replaced variable 'simICP'
Plugin 'ICP': load succeeded.
Plugin 'Image': loading...
Error with plugin 'Image': load failed (could not load). The plugin probably couldn't load dependency libraries. For additional infos, modify the script 'libLoadErrorCheck.sh', run it and inspect the output.
Plugin 'K3': loading...
Plugin 'K3': load succeeded.
Plugin 'LuaCommander': loading...
Plugin 'LuaCommander': warning: replaced variable 'simLuaComm'
Plugin 'LuaCommander': load succeeded.
Plugin 'LuaRemoteApiClient': loading...
Plugin 'LuaRemoteApiClient': load succeeded.
Plugin 'Mtb': loading...
Plugin 'Mtb': load succeeded.
Plugin 'OMPL': loading...
Plugin 'OMPL': warning: replaced variable 'simOMPL'
Plugin 'OMPL': load succeeded.
Plugin 'OpenMesh': loading...
Plugin 'OpenMesh': load succeeded.
Plugin 'PovRay': loading...
Plugin 'PovRay': load succeeded.
Plugin 'Qhull': loading...
Plugin 'Qhull': load succeeded.
Plugin 'RRS1': loading...
Plugin 'RRS1': load succeeded.
Plugin 'ReflexxesTypeII': loading...
Plugin 'ReflexxesTypeII': load succeeded.
Plugin 'RemoteApi': loading...
Starting a remote API server on port 19999
Plugin 'RemoteApi': load succeeded.
Plugin 'RosInterface': loading...
RosInterface: ROS_MASTER_URI is not set
Error with plugin 'RosInterface': load failed (failed initialization).
Plugin 'SDF': loading...
Plugin 'SDF': warning: replaced variable 'simSDF'
Plugin 'SDF': load succeeded.
Plugin 'SurfaceReconstruction': loading...
Plugin 'SurfaceReconstruction': warning: replaced variable 'simSurfRec'
Plugin 'SurfaceReconstruction': load succeeded.
Plugin 'Urdf': loading...
Plugin 'Urdf': load succeeded.
Plugin 'Vision': loading...
Plugin 'Vision': load succeeded.
Using the 'MeshCalc' plugin.
Initializing the Bullet physics engine in plugin 'DynamicsBullet_2_78'...
Engine version: 2.78
Plugin version: 10
Initialization successful.
External exit request: 4
Simulator ended.
....done.
QApplication: invalid style override passed, ignoring it.
Using the default Lua library.
Loaded the video compression library.
Add-on script 'vrepAddOnScript-addOnScriptDemo.lua' was loaded.
Simulator launched.
Plugin 'MeshCalc': loading...
Plugin 'MeshCalc': load succeeded.
Plugin 'BlueZero': loading...
Plugin 'BlueZero': warning: replaced variable 'simB0'
Plugin 'BlueZero': load succeeded.
Plugin 'BubbleRob': loading...
Plugin 'BubbleRob': load succeeded.
Plugin 'Bwf': loading...
Plugin 'Bwf': load succeeded.
Plugin 'Collada': loading...
Plugin 'Collada': load succeeded.
Plugin 'ConvexDecompose': loading...
Plugin 'ConvexDecompose': load succeeded.
Plugin 'CustomUI': loading...
Plugin 'CustomUI': warning: replaced variable 'simUI'
Plugin 'CustomUI': load succeeded.
Plugin 'DynamicsBullet-2-78': loading...
Plugin 'DynamicsBullet-2-78': load succeeded.
Plugin 'DynamicsBullet-2-83': loading...
Plugin 'DynamicsBullet-2-83': load succeeded.
Plugin 'DynamicsNewton': loading...
Plugin 'DynamicsNewton': load succeeded.
Plugin 'DynamicsOde': loading...
Plugin 'DynamicsOde': load succeeded.
Plugin 'DynamicsVortex': loading...
Plugin 'DynamicsVortex': load succeeded.
Plugin 'ExternalRenderer': loading...
Plugin 'ExternalRenderer': load succeeded.
Plugin 'ICP': loading...
Plugin 'ICP': warning: replaced variable 'simICP'
Plugin 'ICP': load succeeded.
Plugin 'Image': loading...
Error with plugin 'Image': load failed (could not load). The plugin probably couldn't load dependency libraries. For additional infos, modify the script 'libLoadErrorCheck.sh', run it and inspect the output.
Plugin 'K3': loading...
Plugin 'K3': load succeeded.
Plugin 'LuaCommander': loading...
Plugin 'LuaCommander': warning: replaced variable 'simLuaComm'
Plugin 'LuaCommander': load succeeded.
Plugin 'LuaRemoteApiClient': loading...
Plugin 'LuaRemoteApiClient': load succeeded.
Plugin 'Mtb': loading...
Plugin 'Mtb': load succeeded.
Plugin 'OMPL': loading...
Plugin 'OMPL': warning: replaced variable 'simOMPL'
Plugin 'OMPL': load succeeded.
Plugin 'OpenMesh': loading...
Plugin 'OpenMesh': load succeeded.
Plugin 'PovRay': loading...
Plugin 'PovRay': load succeeded.
Plugin 'Qhull': loading...
Plugin 'Qhull': load succeeded.
Plugin 'RRS1': loading...
Plugin 'RRS1': load succeeded.
Plugin 'ReflexxesTypeII': loading...
Plugin 'ReflexxesTypeII': load succeeded.
Plugin 'RemoteApi': loading...
Starting a remote API server on port 19999
Plugin 'RemoteApi': load succeeded.
Plugin 'RosInterface': loading...
RosInterface: ROS_MASTER_URI is not set
Error with plugin 'RosInterface': load failed (failed initialization).
Plugin 'SDF': loading...
Plugin 'SDF': warning: replaced variable 'simSDF'
Plugin 'SDF': load succeeded.
Plugin 'SurfaceReconstruction': loading...
Plugin 'SurfaceReconstruction': warning: replaced variable 'simSurfRec'
Plugin 'SurfaceReconstruction': load succeeded.
Plugin 'Urdf': loading...
Plugin 'Urdf': load succeeded.
Plugin 'Vision': loading...
Plugin 'Vision': load succeeded.
Using the 'MeshCalc' plugin.
Initializing the Bullet physics engine in plugin 'DynamicsBullet_2_78'...
Engine version: 2.78
Plugin version: 10
Initialization successful.
Simulator ended.
....done.
QApplication: invalid style override passed, ignoring it.
Using the default Lua library.
Loaded the video compression library.
Add-on script 'vrepAddOnScript-addOnScriptDemo.lua' was loaded.
Simulator launched.
Plugin 'MeshCalc': loading...
Plugin 'MeshCalc': load succeeded.
Plugin 'BlueZero': loading...
Plugin 'BlueZero': warning: replaced variable 'simB0'
Plugin 'BlueZero': load succeeded.
Plugin 'BubbleRob': loading...
Plugin 'BubbleRob': load succeeded.
Plugin 'Bwf': loading...
Plugin 'Bwf': load succeeded.
Plugin 'Collada': loading...
Plugin 'Collada': load succeeded.
Plugin 'ConvexDecompose': loading...
Plugin 'ConvexDecompose': load succeeded.
Plugin 'CustomUI': loading...
Plugin 'CustomUI': warning: replaced variable 'simUI'
Plugin 'CustomUI': load succeeded.
Plugin 'DynamicsBullet-2-78': loading...
Plugin 'DynamicsBullet-2-78': load succeeded.
Plugin 'DynamicsBullet-2-83': loading...
Plugin 'DynamicsBullet-2-83': load succeeded.
Plugin 'DynamicsNewton': loading...
Plugin 'DynamicsNewton': load succeeded.
Plugin 'DynamicsOde': loading...
Plugin 'DynamicsOde': load succeeded.
Plugin 'DynamicsVortex': loading...
Plugin 'DynamicsVortex': load succeeded.
Plugin 'ExternalRenderer': loading...
Plugin 'ExternalRenderer': load succeeded.
Plugin 'ICP': loading...
Plugin 'ICP': warning: replaced variable 'simICP'
Plugin 'ICP': load succeeded.
Plugin 'Image': loading...
Error with plugin 'Image': load failed (could not load). The plugin probably couldn't load dependency libraries. For additional infos, modify the script 'libLoadErrorCheck.sh', run it and inspect the output.
Plugin 'K3': loading...
Plugin 'K3': load succeeded.
Plugin 'LuaCommander': loading...
Plugin 'LuaCommander': warning: replaced variable 'simLuaComm'
Plugin 'LuaCommander': load succeeded.
Plugin 'LuaRemoteApiClient': loading...
Plugin 'LuaRemoteApiClient': load succeeded.
Plugin 'Mtb': loading...
Plugin 'Mtb': load succeeded.
Plugin 'OMPL': loading...
Plugin 'OMPL': warning: replaced variable 'simOMPL'
Plugin 'OMPL': load succeeded.
Plugin 'OpenMesh': loading...
Plugin 'OpenMesh': load succeeded.
Plugin 'PovRay': loading...
Plugin 'PovRay': load succeeded.
Plugin 'Qhull': loading...
Plugin 'Qhull': load succeeded.
Plugin 'RRS1': loading...
Plugin 'RRS1': load succeeded.
Plugin 'ReflexxesTypeII': loading...
Plugin 'ReflexxesTypeII': load succeeded.
Plugin 'RemoteApi': loading...
Starting a remote API server on port 19999
Plugin 'RemoteApi': load succeeded.
Plugin 'RosInterface': loading...
RosInterface: ROS_MASTER_URI is not set
Error with plugin 'RosInterface': load failed (failed initialization).
Plugin 'SDF': loading...
Plugin 'SDF': warning: replaced variable 'simSDF'
Plugin 'SDF': load succeeded.
Plugin 'SurfaceReconstruction': loading...
Plugin 'SurfaceReconstruction': warning: replaced variable 'simSurfRec'
Plugin 'SurfaceReconstruction': load succeeded.
Plugin 'Urdf': loading...
Plugin 'Urdf': load succeeded.
Plugin 'Vision': loading...
Plugin 'Vision': load succeeded.
Using the 'MeshCalc' plugin.
Initializing the Bullet physics engine in plugin 'DynamicsBullet_2_78'...
Engine version: 2.78
Plugin version: 10
Initialization successful.
External exit request: 4
Simulator ended.
....done.
QApplication: invalid style override passed, ignoring it.
Using the default Lua library.
Loaded the video compression library.
Add-on script 'vrepAddOnScript-addOnScriptDemo.lua' was loaded.
Simulator launched.
Plugin 'MeshCalc': loading...
Plugin 'MeshCalc': load succeeded.
Plugin 'BlueZero': loading...
Plugin 'BlueZero': warning: replaced variable 'simB0'
Plugin 'BlueZero': load succeeded.
Plugin 'BubbleRob': loading...
Plugin 'BubbleRob': load succeeded.
Plugin 'Bwf': loading...
Plugin 'Bwf': load succeeded.
Plugin 'Collada': loading...
Plugin 'Collada': load succeeded.
Plugin 'ConvexDecompose': loading...
Plugin 'ConvexDecompose': load succeeded.
Plugin 'CustomUI': loading...
Plugin 'CustomUI': warning: replaced variable 'simUI'
Plugin 'CustomUI': load succeeded.
Plugin 'DynamicsBullet-2-78': loading...
Plugin 'DynamicsBullet-2-78': load succeeded.
Plugin 'DynamicsBullet-2-83': loading...
Plugin 'DynamicsBullet-2-83': load succeeded.
Plugin 'DynamicsNewton': loading...
Plugin 'DynamicsNewton': load succeeded.
Plugin 'DynamicsOde': loading...
Plugin 'DynamicsOde': load succeeded.
Plugin 'DynamicsVortex': loading...
Plugin 'DynamicsVortex': load succeeded.
Plugin 'ExternalRenderer': loading...
Plugin 'ExternalRenderer': load succeeded.
Plugin 'ICP': loading...
Plugin 'ICP': warning: replaced variable 'simICP'
Plugin 'ICP': load succeeded.
Plugin 'Image': loading...
Error with plugin 'Image': load failed (could not load). The plugin probably couldn't load dependency libraries. For additional infos, modify the script 'libLoadErrorCheck.sh', run it and inspect the output.
Plugin 'K3': loading...
Plugin 'K3': load succeeded.
Plugin 'LuaCommander': loading...
Plugin 'LuaCommander': warning: replaced variable 'simLuaComm'
Plugin 'LuaCommander': load succeeded.
Plugin 'LuaRemoteApiClient': loading...
Plugin 'LuaRemoteApiClient': load succeeded.
Plugin 'Mtb': loading...
Plugin 'Mtb': load succeeded.
Plugin 'OMPL': loading...
Plugin 'OMPL': warning: replaced variable 'simOMPL'
Plugin 'OMPL': load succeeded.
Plugin 'OpenMesh': loading...
Plugin 'OpenMesh': load succeeded.
Plugin 'PovRay': loading...
Plugin 'PovRay': load succeeded.
Plugin 'Qhull': loading...
Plugin 'Qhull': load succeeded.
Plugin 'RRS1': loading...
Plugin 'RRS1': load succeeded.
Plugin 'ReflexxesTypeII': loading...
Plugin 'ReflexxesTypeII': load succeeded.
Plugin 'RemoteApi': loading...
Starting a remote API server on port 19999
Plugin 'RemoteApi': load succeeded.
Plugin 'RosInterface': loading...
RosInterface: ROS_MASTER_URI is not set
Error with plugin 'RosInterface': load failed (failed initialization).
Plugin 'SDF': loading...
Plugin 'SDF': warning: replaced variable 'simSDF'
Plugin 'SDF': load succeeded.
Plugin 'SurfaceReconstruction': loading...
Plugin 'SurfaceReconstruction': warning: replaced variable 'simSurfRec'
Plugin 'SurfaceReconstruction': load succeeded.
Plugin 'Urdf': loading...
Plugin 'Urdf': load succeeded.
Plugin 'Vision': loading...
Plugin 'Vision': load succeeded.
Using the 'MeshCalc' plugin.
Initializing the Bullet physics engine in plugin 'DynamicsBullet_2_78'...
Engine version: 2.78
Plugin version: 10
Initialization successful.
External exit request: 4
Simulator ended.
....done.
