Determining if the pthread_create exist failed with the following output:
Change Dir: /home/kanishka/Documents/Projects/task_planner/build/CMakeFiles/CMakeTmp

Run Build Command:"/usr/bin/make" "cmTC_aa613/fast"
/usr/bin/make -f CMakeFiles/cmTC_aa613.dir/build.make CMakeFiles/cmTC_aa613.dir/build
make[1]: Entering directory '/home/kanishka/Documents/Projects/task_planner/build/CMakeFiles/CMakeTmp'
Building C object CMakeFiles/cmTC_aa613.dir/CheckSymbolExists.c.o
/usr/bin/cc   -fPIC    -o CMakeFiles/cmTC_aa613.dir/CheckSymbolExists.c.o   -c /home/kanishka/Documents/Projects/task_planner/build/CMakeFiles/CMakeTmp/CheckSymbolExists.c
Linking C executable cmTC_aa613
/home/kanishka/Downloads/clion-2017.3.3/bin/cmake/bin/cmake -E cmake_link_script CMakeFiles/cmTC_aa613.dir/link.txt --verbose=1
/usr/bin/cc -fPIC     -rdynamic CMakeFiles/cmTC_aa613.dir/CheckSymbolExists.c.o  -o cmTC_aa613 
CMakeFiles/cmTC_aa613.dir/CheckSymbolExists.c.o: In function `main':
CheckSymbolExists.c:(.text+0x1b): undefined reference to `pthread_create'
collect2: error: ld returned 1 exit status
CMakeFiles/cmTC_aa613.dir/build.make:97: recipe for target 'cmTC_aa613' failed
make[1]: *** [cmTC_aa613] Error 1
make[1]: Leaving directory '/home/kanishka/Documents/Projects/task_planner/build/CMakeFiles/CMakeTmp'
Makefile:126: recipe for target 'cmTC_aa613/fast' failed
make: *** [cmTC_aa613/fast] Error 2

File /home/kanishka/Documents/Projects/task_planner/build/CMakeFiles/CMakeTmp/CheckSymbolExists.c:
/* */
#include <pthread.h>

int main(int argc, char** argv)
{
  (void)argv;
#ifndef pthread_create
  return ((int*)(&pthread_create))[argc];
#else
  (void)argc;
  return 0;
#endif
}

Determining if the function pthread_create exists in the pthreads failed with the following output:
Change Dir: /home/kanishka/Documents/Projects/task_planner/build/CMakeFiles/CMakeTmp

Run Build Command:"/usr/bin/make" "cmTC_552dd/fast"
/usr/bin/make -f CMakeFiles/cmTC_552dd.dir/build.make CMakeFiles/cmTC_552dd.dir/build
make[1]: Entering directory '/home/kanishka/Documents/Projects/task_planner/build/CMakeFiles/CMakeTmp'
Building C object CMakeFiles/cmTC_552dd.dir/CheckFunctionExists.c.o
/usr/bin/cc   -fPIC -DCHECK_FUNCTION_EXISTS=pthread_create   -o CMakeFiles/cmTC_552dd.dir/CheckFunctionExists.c.o   -c /home/kanishka/Downloads/clion-2017.3.3/bin/cmake/share/cmake-3.10/Modules/CheckFunctionExists.c
Linking C executable cmTC_552dd
/home/kanishka/Downloads/clion-2017.3.3/bin/cmake/bin/cmake -E cmake_link_script CMakeFiles/cmTC_552dd.dir/link.txt --verbose=1
/usr/bin/cc -fPIC -DCHECK_FUNCTION_EXISTS=pthread_create    -rdynamic CMakeFiles/cmTC_552dd.dir/CheckFunctionExists.c.o  -o cmTC_552dd -lpthreads 
/usr/bin/ld: cannot find -lpthreads
collect2: error: ld returned 1 exit status
CMakeFiles/cmTC_552dd.dir/build.make:97: recipe for target 'cmTC_552dd' failed
make[1]: *** [cmTC_552dd] Error 1
make[1]: Leaving directory '/home/kanishka/Documents/Projects/task_planner/build/CMakeFiles/CMakeTmp'
Makefile:126: recipe for target 'cmTC_552dd/fast' failed
make: *** [cmTC_552dd/fast] Error 2


